Compiling the C compiler identification source file "CMakeCCompilerId.c" failed.
Compiler:  
Build flags: 
Id flags:  

The output was:
-532462766
Microsoft(R) 生成引擎版本 12.0.31101.0
[Microsoft .NET Framework 版本 4.0.30319.42000]
版权所有 (C) Microsoft Corporation。保留所有权利。

MSBUILD : error MSB1025:  运行 MSBuild 时发生内部错误。
System.TypeInitializationException: “System.Collections.Concurrent.CDSCollectionETWBCLProvider”的类型初始值设定项引发异常。 ---> System.OutOfMemoryException: 引发类型为“System.OutOfMemoryException”的异常。
   在 System.Diagnostics.Tracing.EventSource.GetCustomAttributeHelper(MemberInfo member, Type attributeType, EventManifestOptions flags)
   在 System.Diagnostics.Tracing.EventSource.GetGuid(Type eventSourceType)
   在 System.Diagnostics.Tracing.EventSource..ctor(EventSourceSettings settings, String[] traits)
   在 System.Collections.Concurrent.CDSCollectionETWBCLProvider..ctor()
   在 System.Collections.Concurrent.CDSCollectionETWBCLProvider..cctor()
   --- 内部异常堆栈跟踪的结尾 ---
   在 System.Collections.Concurrent.ConcurrentDictionary`2.AcquireAllLocks(Int32& locksAcquired)
   在 System.Collections.Concurrent.ConcurrentDictionary`2.Clear()
   在 Microsoft.Build.BackEnd.ResultsCache.ShutdownComponent()
   在 Microsoft.Build.BackEnd.BuildComponentFactoryCollection.BuildComponentEntry.ShutdownSingletonInstance()
   在 Microsoft.Build.BackEnd.BuildComponentFactoryCollection.ShutdownComponents()
   在 Microsoft.Build.Execution.BuildManager.Dispose(Boolean disposing)
   在 Microsoft.Build.Execution.BuildManager.Dispose()
   在 Microsoft.Build.CommandLine.MSBuildApp.BuildProject(String projectFile, String[] targets, String toolsVersion, Dictionary`2 globalProperties, ILogger[] loggers, LoggerVerbosity verbosity, DistributedLoggerRecord[] distributedLoggerRecords, Boolean needToValidateProject, String schemaFile, Int32 cpuCount, Boolean enableNodeReuse, TextWriter preprocessWriter, Boolean debugger, Boolean detailedSummary)
   在 Microsoft.Build.CommandLine.MSBuildApp.Execute(String commandLine)

未经处理的异常:  System.TypeInitializationException: “System.Collections.Concurrent.CDSCollectionETWBCLProvider”的类型初始值设定项引发异常。 ---> System.OutOfMemoryException: 引发类型为“System.OutOfMemoryException”的异常。
   在 System.Diagnostics.Tracing.EventSource.GetCustomAttributeHelper(MemberInfo member, Type attributeType, EventManifestOptions flags)
   在 System.Diagnostics.Tracing.EventSource.GetGuid(Type eventSourceType)
   在 System.Diagnostics.Tracing.EventSource..ctor(EventSourceSettings settings, String[] traits)
   在 System.Collections.Concurrent.CDSCollectionETWBCLProvider..ctor()
   在 System.Collections.Concurrent.CDSCollectionETWBCLProvider..cctor()
   --- 内部异常堆栈跟踪的结尾 ---
   在 System.Collections.Concurrent.ConcurrentDictionary`2.AcquireAllLocks(Int32& locksAcquired)
   在 System.Collections.Concurrent.ConcurrentDictionary`2.Clear()
   在 Microsoft.Build.BackEnd.ResultsCache.ShutdownComponent()
   在 Microsoft.Build.BackEnd.BuildComponentFactoryCollection.BuildComponentEntry.ShutdownSingletonInstance()
   在 Microsoft.Build.BackEnd.BuildComponentFactoryCollection.ShutdownComponents()
   在 Microsoft.Build.Execution.BuildManager.Dispose(Boolean disposing)
   在 Microsoft.Build.Execution.BuildManager.Dispose()
   在 Microsoft.Build.CommandLine.MSBuildApp.BuildProject(String projectFile, String[] targets, String toolsVersion, Dictionary`2 globalProperties, ILogger[] loggers, LoggerVerbosity verbosity, DistributedLoggerRecord[] distributedLoggerRecords, Boolean needToValidateProject, String schemaFile, Int32 cpuCount, Boolean enableNodeReuse, TextWriter preprocessWriter, Boolean debugger, Boolean detailedSummary)
   在 Microsoft.Build.CommandLine.MSBuildApp.Execute(String commandLine)
   在 Microsoft.Build.CommandLine.MSBuildApp.Main()


